#
# There is insufficient memory for the Java Runtime Environment to continue.
# Native memory allocation (malloc) failed to allocate 1048576 bytes for AllocateHeap
# Possible reasons:
#   The system is out of physical RAM or swap space
#   The process is running with CompressedOops enabled, and the Java Heap may be blocking the growth of the native heap
# Possible solutions:
#   Reduce memory load on the system
#   Increase physical memory or swap space
#   Check if swap backing store is full
#   Decrease Java heap size (-Xmx/-Xms)
#   Decrease number of Java threads
#   Decrease Java thread stack sizes (-Xss)
#   Set larger code cache with -XX:ReservedCodeCacheSize=
#   JVM is running with Zero Based Compressed Oops mode in which the Java heap is
#     placed in the first 32GB address space. The Java Heap base address is the
#     maximum limit for the native heap growth. Please use -XX:HeapBaseMinAddress
#     to set the Java Heap base and to place the Java Heap above 32GB virtual address.
# This output file may be truncated or incomplete.
#
#  Out of Memory Error (memory/allocation.inline.hpp:61), pid=15672, tid=0x0000000000003c74
#
# JRE version:  (8.0_251-b08) (build )
# Java VM: Java HotSpot(TM) 64-Bit Server VM (25.251-b08 mixed mode windows-amd64 compressed oops)
# Failed to write core dump. Minidumps are not enabled by default on client versions of Windows
#

---------------  T H R E A D  ---------------

Current thread (0x00000000024ce800):  JavaThread "Unknown thread" [_thread_in_vm, id=15476, stack(0x00000000023c0000,0x00000000024c0000)]

Stack: [0x00000000023c0000,0x00000000024c0000]
[error occurred during error reporting (printing stack bounds), id 0xc0000005]

Native frames: (J=compiled Java code, j=interpreted, Vv=VM code, C=native code)


---------------  P R O C E S S  ---------------

Java Threads: ( => current thread )

Other Threads:

=>0x00000000024ce800 (exited) JavaThread "Unknown thread" [_thread_in_vm, id=15476, stack(0x00000000023c0000,0x00000000024c0000)]

VM state:not at safepoint (normal execution)

VM Mutex/Monitor currently owned by a thread: None

heap address: 0x00000006c2600000, size: 4058 MB, Compressed Oops mode: Zero based, Oop shift amount: 3
Narrow klass base: 0x0000000000000000, Narrow klass shift: 3
Compressed class space size: 1073741824 Address: 0x00000007c0000000

Heap:
 PSYoungGen      total 75776K, used 1300K [0x000000076b780000, 0x0000000770c00000, 0x00000007c0000000)
  eden space 65024K, 2% used [0x000000076b780000,0x000000076b8c51f8,0x000000076f700000)
  from space 10752K, 0% used [0x0000000770180000,0x0000000770180000,0x0000000770c00000)
  to   space 10752K, 0% used [0x000000076f700000,0x000000076f700000,0x0000000770180000)
 ParOldGen       total 173568K, used 0K [0x00000006c2600000, 0x00000006ccf80000, 0x000000076b780000)
  object space 173568K, 0% used [0x00000006c2600000,0x00000006c2600000,0x00000006ccf80000)
 Metaspace       used 752K, capacity 4480K, committed 4480K, reserved 1056768K
  class space    used 76K, capacity 384K, committed 384K, reserved 1048576K

Card table byte_map: [0x0000000011990000,0x0000000012180000] byte_map_base: 0x000000000e37d000

Marking Bits: (ParMarkBitMap*) 0x000000006735af90
 Begin Bits: [0x00000000130d0000, 0x0000000017038000)
 End Bits:   [0x0000000017038000, 0x000000001afa0000)

Polling page: 0x0000000000780000

CodeCache: size=245760Kb used=328Kb max_used=328Kb free=245431Kb
 bounds [0x00000000025d0000, 0x0000000002840000, 0x00000000115d0000]
 total_blobs=58 nmethods=0 adapters=38
 compilation: enabled

Compilation events (0 events):
No events

GC Heap History (0 events):
No events

Deoptimization events (0 events):
No events

Classes redefined (0 events):
No events

Internal exceptions (0 events):
No events

Events (10 events):
Event: 0.021 loading class java/lang/Short
Event: 0.021 loading class java/lang/Short done
Event: 0.021 loading class java/lang/Integer
Event: 0.021 loading class java/lang/Integer done
Event: 0.021 loading class java/lang/Long
Event: 0.021 loading class java/lang/Long done
Event: 0.022 loading class java/lang/NullPointerException
Event: 0.022 loading class java/lang/NullPointerException done
Event: 0.022 loading class java/lang/ArithmeticException
Event: 0.022 loading class java/lang/ArithmeticException done


Dynamic libraries:
0x00007ff7e35f0000 - 0x00007ff7e3627000 	C:\Program Files\Java\jre1.8.0_251\bin\javaw.exe
0x00007ffc06430000 - 0x00007ffc0661d000 	C:\Windows\SYSTEM32\ntdll.dll
0x00007ffbfc940000 - 0x00007ffbfc953000 	C:\Program Files\Avast Software\Avast\aswhook.dll
0x00007ffc062a0000 - 0x00007ffc06353000 	C:\Windows\System32\KERNEL32.DLL
0x00007ffc02940000 - 0x00007ffc02bd5000 	C:\Windows\System32\KERNELBASE.dll
0x00007ffc04140000 - 0x00007ffc041e3000 	C:\Windows\System32\ADVAPI32.dll
0x00007ffc03650000 - 0x00007ffc036ee000 	C:\Windows\System32\msvcrt.dll
0x00007ffc056f0000 - 0x00007ffc0578e000 	C:\Windows\System32\sechost.dll
0x00007ffc05a90000 - 0x00007ffc05bb2000 	C:\Windows\System32\RPCRT4.dll
0x00007ffc03a30000 - 0x00007ffc03bc7000 	C:\Windows\System32\USER32.dll
0x00007ffc02de0000 - 0x00007ffc02e00000 	C:\Windows\System32\win32u.dll
0x00007ffc05a00000 - 0x00007ffc05a29000 	C:\Windows\System32\GDI32.dll
0x00007ffc027a0000 - 0x00007ffc0293a000 	C:\Windows\System32\gdi32full.dll
0x00007ffc02700000 - 0x00007ffc027a0000 	C:\Windows\System32\msvcp_win.dll
0x00007ffc03550000 - 0x00007ffc0364a000 	C:\Windows\System32\ucrtbase.dll
0x00007ffbf2730000 - 0x00007ffbf29a9000 	C:\Windows\WinSxS\amd64_microsoft.windows.common-controls_6595b64144ccf1df_6.0.17763.1282_none_de75b6f253473c0f\COMCTL32.dll
0x00007ffc03ce0000 - 0x00007ffc0400c000 	C:\Windows\System32\combase.dll
0x00007ffc02be0000 - 0x00007ffc02c5e000 	C:\Windows\System32\bcryptPrimitives.dll
0x00007ffc063d0000 - 0x00007ffc063fe000 	C:\Windows\System32\IMM32.DLL
0x0000000066970000 - 0x0000000066a42000 	C:\Program Files\Java\jre1.8.0_251\bin\msvcr100.dll
0x0000000066b30000 - 0x00000000673db000 	C:\Program Files\Java\jre1.8.0_251\bin\server\jvm.dll
0x00007ffc063c0000 - 0x00007ffc063c8000 	C:\Windows\System32\PSAPI.DLL
0x00007ffbf7180000 - 0x00007ffbf7189000 	C:\Windows\SYSTEM32\WSOCK32.dll
0x00007ffc05d30000 - 0x00007ffc05d9d000 	C:\Windows\System32\WS2_32.dll
0x00007ffc005c0000 - 0x00007ffc005e4000 	C:\Windows\SYSTEM32\WINMM.dll
0x00007ffbfd860000 - 0x00007ffbfd86a000 	C:\Windows\SYSTEM32\VERSION.dll
0x00007ffc00590000 - 0x00007ffc005bd000 	C:\Windows\SYSTEM32\WINMMBASE.dll
0x00007ffc02c80000 - 0x00007ffc02cca000 	C:\Windows\System32\cfgmgr32.dll
0x00007ffbe98e0000 - 0x00007ffbe98ef000 	C:\Program Files\Java\jre1.8.0_251\bin\verify.dll
0x00007ffbe53b0000 - 0x00007ffbe53d9000 	C:\Program Files\Java\jre1.8.0_251\bin\java.dll
0x00007ffbe6a20000 - 0x00007ffbe6a36000 	C:\Program Files\Java\jre1.8.0_251\bin\zip.dll

VM Arguments:
jvm_args: -Dfile.encoding=utf-8 
java_command: com.test.first.mission.GreatMission
java_class_path (initial): C:\Spring\github\Pratice JAVA\Practice-JAVA\First\bin
Launcher Type: SUN_STANDARD

Environment Variables:
JAVA_HOME=C:\Program Files\Java\jdk1.8.0_241
PATH=C:/Program Files/Java/jre1.8.0_251/bin/server;C:/Program Files/Java/jre1.8.0_251/bin;C:/Program Files/Java/jre1.8.0_251/lib/amd64;C:\Program Files (x86)\Common Files\Oracle\Java\javapath;C:\oraclexe\app\oracle\product\11.2.0\server\bin;C:\Windows\system32;C:\Windows;C:\Windows\System32\Wbem;C:\Windows\System32\WindowsPowerShell\v1.0\;C:\Windows\System32\OpenSSH\;C:\Program Files\dotnet\;C:\Program Files\ScmmrxClient\Shield\;C:\Program Files\MySQL\MySQL Server 8.0\bin;C:\Program Files\Java\jdk1.8.0_241\bin;C:\Program Files\Java\jdk1.8.0_241\bin;C:\Program Files\Git\cmd;C:\Program Files (x86)\Brackets\command;C:\Users\Administrator\AppData\Local\Programs\Python\Python37-32\Scripts\;C:\Users\Administrator\AppData\Local\Programs\Python\Python37-32\;C:\Program Files\MySQL\MySQL Shell 8.0\bin\;C:\Users\Administrator\AppData\Local\Microsoft\WindowsApps;C:\Program Files\Bandizip\;C:\Users\Administrator\AppData\Local\Programs\Microsoft VS Code\bin;C:\Program Files\MySQL\MySQL Server 8.0\bin;C:\Users\Administrator\AppData\Local\atom\bin;C:\Users\Administrator\AppData\Local\GitHubDesktop\bin;C:\Spring\eclipse;
USERNAME=Administrator
OS=Windows_NT
PROCESSOR_IDENTIFIER=Intel64 Family 6 Model 158 Stepping 10, GenuineIntel



---------------  S Y S T E M  ---------------

OS: Windows 10.0 , 64 bit Build 17763 (10.0.17763.1158)

CPU:total 12 (initial active 12) (6 cores per cpu, 2 threads per core) family 6 model 158 stepping 10, cmov, cx8, fxsr, mmx, sse, sse2, sse3, ssse3, sse4.1, sse4.2, popcnt, avx, avx2, aes, clmul, erms, rtm, 3dnowpref, lzcnt, ht, tsc, tscinvbit, bmi1, bmi2, adx

Memory: 4k page, physical 16618492k(11356188k free), swap 16618492k(5852k free)

vm_info: Java HotSpot(TM) 64-Bit Server VM (25.251-b08) for windows-amd64 JRE (1.8.0_251-b08), built on Mar 12 2020 06:31:49 by "" with MS VC++ 10.0 (VS2010)

time: Wed Jun 17 14:56:06 2020
timezone: 대한민국 표준시
elapsed time: 0 seconds (0d 0h 0m 0s)

